<?xml version="1.0" encoding="UTF-8"?>
<testsuite xmlns:xsi="http://www.w3.org/2001/XMLSchema-instance" xsi:noNamespaceSchemaLocation="https://maven.apache.org/surefire/maven-surefire-plugin/xsd/surefire-test-report.xsd" name="com.rk.junitexample.JunitHelloWorldTest" time="0.016" tests="1" errors="0" skipped="0" failures="0">
  <properties>
    <property name="java.specification.version" value="13"/>
    <property name="sun.cpu.isalist" value="amd64"/>
    <property name="sun.jnu.encoding" value="Cp1252"/>
    <property name="java.class.path" value="C:\Users\i311450\eclipse-workspace\New WorkSpace\junitexample\target\test-classes;C:\Users\i311450\eclipse-workspace\New WorkSpace\junitexample\target\classes;C:\Users\i311450\.m2\repository\junit\junit\3.8.1\junit-3.8.1.jar;C:\Users\i311450\.m2\repository\org\junit\jupiter\junit-jupiter-api\5.0.2\junit-jupiter-api-5.0.2.jar;C:\Users\i311450\.m2\repository\org\opentest4j\opentest4j\1.0.0\opentest4j-1.0.0.jar;C:\Users\i311450\.m2\repository\org\junit\platform\junit-platform-commons\1.0.2\junit-platform-commons-1.0.2.jar;C:\Users\i311450\.m2\repository\org\junit\jupiter\junit-jupiter-engine\5.0.2\junit-jupiter-engine-5.0.2.jar;C:\Users\i311450\.m2\repository\org\junit\platform\junit-platform-engine\1.0.2\junit-platform-engine-1.0.2.jar;"/>
    <property name="java.vm.vendor" value="Oracle Corporation"/>
    <property name="sun.arch.data.model" value="64"/>
    <property name="user.variant" value=""/>
    <property name="java.vendor.url" value="https://java.oracle.com/"/>
    <property name="user.timezone" value="Asia/Calcutta"/>
    <property name="user.country.format" value="AI"/>
    <property name="os.name" value="Windows 10"/>
    <property name="java.vm.specification.version" value="13"/>
    <property name="sun.java.launcher" value="SUN_STANDARD"/>
    <property name="user.country" value="US"/>
    <property name="sun.boot.library.path" value="C:\Program Files\Java\jdk-13.0.1\bin"/>
    <property name="sun.java.command" value="C:\Users\i311450\AppData\Local\Temp\surefire6824753873779986218\surefirebooter11514855290326439985.jar C:\Users\i311450\AppData\Local\Temp\surefire6824753873779986218 2020-03-10T09-22-44_325-jvmRun1 surefire13177145052614067479tmp surefire_017209032027850758884tmp"/>
    <property name="jdk.debug" value="release"/>
    <property name="surefire.test.class.path" value="C:\Users\i311450\eclipse-workspace\New WorkSpace\junitexample\target\test-classes;C:\Users\i311450\eclipse-workspace\New WorkSpace\junitexample\target\classes;C:\Users\i311450\.m2\repository\junit\junit\3.8.1\junit-3.8.1.jar;C:\Users\i311450\.m2\repository\org\junit\jupiter\junit-jupiter-api\5.0.2\junit-jupiter-api-5.0.2.jar;C:\Users\i311450\.m2\repository\org\opentest4j\opentest4j\1.0.0\opentest4j-1.0.0.jar;C:\Users\i311450\.m2\repository\org\junit\platform\junit-platform-commons\1.0.2\junit-platform-commons-1.0.2.jar;C:\Users\i311450\.m2\repository\org\junit\jupiter\junit-jupiter-engine\5.0.2\junit-jupiter-engine-5.0.2.jar;C:\Users\i311450\.m2\repository\org\junit\platform\junit-platform-engine\1.0.2\junit-platform-engine-1.0.2.jar;"/>
    <property name="sun.cpu.endian" value="little"/>
    <property name="user.home" value="C:\Users\i311450"/>
    <property name="user.language" value="en"/>
    <property name="java.specification.vendor" value="Oracle Corporation"/>
    <property name="java.version.date" value="2019-10-15"/>
    <property name="java.home" value="C:\Program Files\Java\jdk-13.0.1"/>
    <property name="file.separator" value="\"/>
    <property name="basedir" value="C:\Users\i311450\eclipse-workspace\New WorkSpace\junitexample"/>
    <property name="java.vm.compressedOopsMode" value="Zero based"/>
    <property name="line.separator" value="&#10;"/>
    <property name="java.vm.specification.vendor" value="Oracle Corporation"/>
    <property name="java.specification.name" value="Java Platform API Specification"/>
    <property name="surefire.real.class.path" value="C:\Users\i311450\AppData\Local\Temp\surefire6824753873779986218\surefirebooter11514855290326439985.jar"/>
    <property name="user.script" value=""/>
    <property name="sun.management.compiler" value="HotSpot 64-Bit Tiered Compilers"/>
    <property name="java.runtime.version" value="13.0.1+9"/>
    <property name="user.name" value="I311450"/>
    <property name="path.separator" value=";"/>
    <property name="os.version" value="10.0"/>
    <property name="java.runtime.name" value="Java(TM) SE Runtime Environment"/>
    <property name="file.encoding" value="Cp1252"/>
    <property name="java.vm.name" value="Java HotSpot(TM) 64-Bit Server VM"/>
    <property name="localRepository" value="C:\Users\i311450\.m2\repository"/>
    <property name="java.vendor.url.bug" value="https://bugreport.java.com/bugreport/"/>
    <property name="java.io.tmpdir" value="C:\Users\i311450\AppData\Local\Temp\"/>
    <property name="java.version" value="13.0.1"/>
    <property name="user.dir" value="C:\Users\i311450\eclipse-workspace\New WorkSpace\junitexample"/>
    <property name="os.arch" value="amd64"/>
    <property name="java.vm.specification.name" value="Java Virtual Machine Specification"/>
    <property name="sun.os.patch.level" value=""/>
    <property name="java.library.path" value="C:\Program Files\Java\jdk-13.0.1\bin;C:\Windows\Sun\Java\bin;C:\Windows\system32;C:\Windows;C:\Program Files\Java\jdk-13.0.1\bin;C:\Dev\Tools\apache-maven-3.6.3\bin;C:\Windows\system32;C:\Windows;C:\Windows\System32\Wbem;C:\Windows\System32\WindowsPowerShell\v1.0\;C:\Windows\System32\OpenSSH\;C:\Program Files\Java\jdk-13.0.1\bin;C:\Program Files\Cloud Foundry;C:\Program Files (x86)\SAP\Intelligent RPA\jre\bin\;C:\Program Files (x86)\SAP\Intelligent RPA\node\;C:\Program Files\Git\cmd;C:\Users\i311450\AppData\Local\Microsoft\WindowsApps;C:\Program Files\Java\jdk-13.0.1\bin;;C:\Users\i311450\AppData\Local\Programs\Microsoft VS Code\bin;."/>
    <property name="java.vm.info" value="mixed mode, sharing"/>
    <property name="java.vendor" value="Oracle Corporation"/>
    <property name="java.vm.version" value="13.0.1+9"/>
    <property name="sun.io.unicode.encoding" value="UnicodeLittle"/>
    <property name="java.class.version" value="57.0"/>
  </properties>
  <testcase name="isGreaterTest" classname="com.rk.junitexample.JunitHelloWorldTest" time="0.004"/>
</testsuite>